This file contains any messages produced by compilers while
running configure, to aid debugging if configure makes a mistake.

It was created by NsCDE configure 2.4, which was
generated by GNU Autoconf 2.72.  Invocation command line was

  $ ./configure

## --------- ##
## Platform. ##
## --------- ##

hostname = swift3x.ha
uname -m = x86_64
uname -r = 6.19.11-200.fc43.x86_64
uname -s = Linux
uname -v = #1 SMP PREEMPT_DYNAMIC Thu Apr  2 16:55:52 UTC 2026

/usr/bin/uname -p = unknown
/bin/uname -X     = unknown

/bin/arch              = x86_64
/usr/bin/arch -k       = unknown
/usr/convex/getsysinfo = unknown
/usr/bin/hostinfo      = unknown
/bin/machine           = unknown
/usr/bin/oslevel       = unknown
/bin/universe          = unknown

PATH: /home/zemi/.npm-global/bin/
PATH: /home/zemi/xbps-git/usr/bin/
PATH: /home/zemi/.npm-global/bin/
PATH: /home/zemi/.local/share/pnpm/
PATH: /home/zemi/miniconda3/condabin/
PATH: /home/zemi/xbps-git/usr/bin/
PATH: /usr/share/Modules/bin/
PATH: /home/zemi/.cargo/bin/
PATH: /usr/local/bin/
PATH: /usr/bin/
PATH: /usr/local/sbin/
PATH: /usr/sbin/


## ----------- ##
## Core tests. ##
## ----------- ##

configure:2311: looking for aux files: config.guess config.sub compile missing install-sh
configure:2324:  trying ./ac-aux/
configure:2353:   ./ac-aux/config.guess found
configure:2353:   ./ac-aux/config.sub found
configure:2353:   ./ac-aux/compile found
configure:2353:   ./ac-aux/missing found
configure:2335:   ./ac-aux/install-sh found
configure:2486: checking for a BSD-compatible install
configure:2560: result: /usr/bin/install -c
configure:2571: checking whether sleep supports fractional seconds
configure:2587: result: yes
configure:2590: checking filesystem timestamp resolution
configure:2725: result: 0.01
configure:2730: checking whether build environment is sane
configure:2775: result: yes
configure:2946: checking for a race-free mkdir -p
configure:2989: result: /usr/bin/mkdir -p
configure:2996: checking for gawk
configure:3017: found /usr/bin/gawk
configure:3029: result: gawk
configure:3040: checking whether make sets $(MAKE)
configure:3064: result: yes
configure:3090: checking whether make supports nested variables
configure:3109: result: yes
configure:3123: checking xargs -n works
configure:3139: result: yes
configure:3224: checking whether UID '1000' is supported by ustar format
configure:3230: result: yes
configure:3237: checking whether GID '1000' is supported by ustar format
configure:3243: result: yes
configure:3251: checking how to create a ustar tar archive
configure:3262: tar --version
tar (GNU tar) 1.35
Copyright (C) 2023 Free Software Foundation, Inc.
License GPLv3+: GNU GPL version 3 or later <https://gnu.org/licenses/gpl.html>.
This is free software: you are free to change and redistribute it.
There is NO WARRANTY, to the extent permitted by law.

Written by John Gilmore and Jay Fenlason.
configure:3265: $? = 0
configure:3305: tardir=conftest.dir && eval tar --format=ustar -chf - "$tardir" >conftest.tar
configure:3308: $? = 0
configure:3312: tar -xf - <conftest.tar
configure:3315: $? = 0
configure:3317: cat conftest.dir/file
GrepMe
configure:3320: $? = 0
configure:3335: result: gnutar
configure:3425: checking for gcc
configure:3446: found /usr/bin/gcc
configure:3458: result: gcc
configure:3817: checking for C compiler version
configure:3826: gcc --version >&5
gcc (GCC) 15.2.1 20260123 (Red Hat 15.2.1-7)
Copyright (C) 2025 Free Software Foundation, Inc.
This is free software; see the source for copying conditions.  There is NO
warranty; not even for MERCHANTABILITY or FITNESS FOR A PARTICULAR PURPOSE.

configure:3837: $? = 0
configure:3826: gcc -v >&5
Using built-in specs.
COLLECT_GCC=gcc
COLLECT_LTO_WRAPPER=/usr/libexec/gcc/x86_64-redhat-linux/15/lto-wrapper
OFFLOAD_TARGET_NAMES=nvptx-none:amdgcn-amdhsa
OFFLOAD_TARGET_DEFAULT=1
Target: x86_64-redhat-linux
Configured with: ../configure --enable-bootstrap --enable-languages=c,c++,fortran,objc,obj-c++,ada,go,d,m2,cobol,lto --prefix=/usr --mandir=/usr/share/man --infodir=/usr/share/info --with-bugurl=https://bugzilla.redhat.com/ --enable-shared --enable-threads=posix --enable-checking=release --enable-multilib --with-system-zlib --enable-__cxa_atexit --disable-libunwind-exceptions --enable-gnu-unique-object --enable-linker-build-id --with-gcc-major-version-only --enable-libstdcxx-backtrace --with-libstdcxx-zoneinfo=/usr/share/zoneinfo --with-linker-hash-style=gnu --enable-plugin --enable-initfini-array --with-isl=/builddir/build/BUILD/gcc-15.2.1-build/gcc-15.2.1-20260123/obj-x86_64-redhat-linux/isl-install --enable-offload-targets=nvptx-none,amdgcn-amdhsa --enable-offload-defaulted --without-cuda-driver --enable-gnu-indirect-function --enable-cet --with-tune=generic --with-arch_32=i686 --build=x86_64-redhat-linux --with-build-config=bootstrap-lto --enable-link-serialization=1 --disable-libssp
Thread model: posix
Supported LTO compression algorithms: zlib zstd
gcc version 15.2.1 20260123 (Red Hat 15.2.1-7) (GCC) 
... rest of stderr output deleted ...
configure:3837: $? = 0
configure:3826: gcc -V >&5
gcc: error: unrecognized command-line option '-V'
gcc: fatal error: no input files
compilation terminated.
configure:3837: $? = 1
configure:3826: gcc -qversion >&5
gcc: error: unrecognized command-line option '-qversion'; did you mean '--version'?
gcc: fatal error: no input files
compilation terminated.
configure:3837: $? = 1
configure:3826: gcc -version >&5
gcc: error: unrecognized command-line option '-version'
gcc: fatal error: no input files
compilation terminated.
configure:3837: $? = 1
configure:3857: checking whether the C compiler works
configure:3879: gcc    conftest.c  >&5
configure:3883: $? = 0
configure:3934: result: yes
configure:3938: checking for C compiler default output file name
configure:3940: result: a.out
configure:3946: checking for suffix of executables
configure:3953: gcc -o conftest    conftest.c  >&5
configure:3957: $? = 0
configure:3981: result: 
configure:4005: checking whether we are cross compiling
configure:4013: gcc -o conftest    conftest.c  >&5
configure:4017: $? = 0
configure:4024: ./conftest
configure:4028: $? = 0
configure:4043: result: no
configure:4049: checking for suffix of object files
configure:4072: gcc -c   conftest.c >&5
configure:4076: $? = 0
configure:4100: result: o
configure:4104: checking whether the compiler supports GNU C
configure:4124: gcc -c   conftest.c >&5
configure:4124: $? = 0
configure:4136: result: yes
configure:4147: checking whether gcc accepts -g
configure:4168: gcc -c -g  conftest.c >&5
configure:4168: $? = 0
configure:4215: result: yes
configure:4235: checking for gcc option to enable C11 features
configure:4250: gcc  -c -g -O2  conftest.c >&5
configure:4250: $? = 0
configure:4269: result: none needed
configure:4393: checking whether gcc understands -c and -o together
configure:4416: gcc -c conftest.c -o conftest2.o
configure:4419: $? = 0
configure:4416: gcc -c conftest.c -o conftest2.o
configure:4419: $? = 0
configure:4435: result: yes
configure:4455: checking whether make supports the include directive
configure:4470: make -f confmf.GNU && cat confinc.out
this is the am__doit target
configure:4473: $? = 0
configure:4492: result: yes (GNU style)
configure:4518: checking dependency style of gcc
configure:4631: result: gcc3
configure:4653: checking build system type
configure:4669: result: x86_64-pc-linux-gnu
configure:4689: checking host system type
configure:4704: result: x86_64-pc-linux-gnu
configure:4724: checking platform
configure:5077: result: linux-gnu
configure:5080: checking xsessiondir
configure:5092: result: 
configure:5122: checking custom python shebang
configure:5134: result: 
configure:5142: checking for python3
configure:5165: found /usr/bin/python3
configure:5179: result: /usr/bin/python3
configure:5198: /usr/bin/python3 -c import sys # split strings by '.' and convert to numeric. Append some zeros # because we need at least 4 digits for the hex conversion. # map returns an iterator in Python 3.0 and a list in 2.x minver = list(map(int, '3.0'.split('.'))) + [0, 0, 0] minverhex = 0 # xrange is not present in Python 3.0 and range returns an iterator for i in list(range(0, 4)): minverhex = (minverhex << 8) + minver[i] sys.exit(sys.hexversion < minverhex)
configure:5201: $? = 0
configure:5402: checking for ksh93
configure:5441: result: no
configure:5402: checking for ksh
configure:5441: result: no
configure:5454: checking for sed
configure:5475: found /usr/bin/sed
configure:5487: result: sed
configure:5503: checking for fvwm
configure:5539: result: no
configure:5503: checking for fvwm2
configure:5539: result: no
configure:5503: checking for fvwm3
configure:5539: result: no
configure:5552: checking for cpp
configure:5573: found /usr/bin/cpp
configure:5585: result: cpp
configure:5601: checking for convert
configure:5622: found /usr/bin/convert
configure:5634: result: convert
configure:5650: checking for import
configure:5671: found /usr/bin/import
configure:5683: result: import
configure:5699: checking for xrdb
configure:5720: found /usr/bin/xrdb
configure:5732: result: xrdb
configure:5748: checking for xset
configure:5769: found /usr/bin/xset
configure:5781: result: xset
configure:5797: checking for xprop
configure:5818: found /usr/bin/xprop
configure:5830: result: xprop
configure:5846: checking for xdpyinfo
configure:5867: found /usr/bin/xdpyinfo
configure:5879: result: xdpyinfo
configure:5895: checking for xterm
configure:5931: result: no
configure:5944: checking for gettext
configure:5965: found /usr/bin/gettext
configure:5977: result: gettext
configure:5993: checking for msgfmt
configure:6014: found /usr/bin/msgfmt
configure:6026: result: msgfmt
configure:6042: checking for xdotool
configure:6078: result: no
configure:6092: checking for xscreensaver
configure:6128: result: no
configure:6141: checking for stalonetray
configure:6177: result: no
configure:6190: checking for xsettingsd
configure:6211: found /usr/bin/xsettingsd
configure:6223: result: xsettingsd
configure:6239: checking for xrandr
configure:6260: found /usr/bin/xrandr
configure:6272: result: xrandr
configure:6288: checking for dunst
configure:6324: result: no
configure:6337: checking for xclip
configure:6373: result: no
configure:6386: checking for rofi
configure:6422: result: no
configure:6437: checking for stdio.h
configure:6437: gcc -c -g -O2  conftest.c >&5
configure:6437: $? = 0
configure:6437: result: yes
configure:6437: checking for stdlib.h
configure:6437: gcc -c -g -O2  conftest.c >&5
configure:6437: $? = 0
configure:6437: result: yes
configure:6437: checking for string.h
configure:6437: gcc -c -g -O2  conftest.c >&5
configure:6437: $? = 0
configure:6437: result: yes
configure:6437: checking for inttypes.h
configure:6437: gcc -c -g -O2  conftest.c >&5
configure:6437: $? = 0
configure:6437: result: yes
configure:6437: checking for stdint.h
configure:6437: gcc -c -g -O2  conftest.c >&5
configure:6437: $? = 0
configure:6437: result: yes
configure:6437: checking for strings.h
configure:6437: gcc -c -g -O2  conftest.c >&5
configure:6437: $? = 0
configure:6437: result: yes
configure:6437: checking for sys/stat.h
configure:6437: gcc -c -g -O2  conftest.c >&5
configure:6437: $? = 0
configure:6437: result: yes
configure:6437: checking for sys/types.h
configure:6437: gcc -c -g -O2  conftest.c >&5
configure:6437: $? = 0
configure:6437: result: yes
configure:6437: checking for unistd.h
configure:6437: gcc -c -g -O2  conftest.c >&5
configure:6437: $? = 0
configure:6437: result: yes
configure:6465: checking for math.h
configure:6465: gcc -c -g -O2  conftest.c >&5
configure:6465: $? = 0
configure:6465: result: yes
configure:6465: checking for stdlib.h
configure:6465: result: yes
configure:6465: checking for string.h
configure:6465: result: yes
configure:6465: checking for sys/time.h
configure:6465: gcc -c -g -O2  conftest.c >&5
configure:6465: $? = 0
configure:6465: result: yes
configure:6465: checking for time.h
configure:6465: gcc -c -g -O2  conftest.c >&5
configure:6465: $? = 0
configure:6465: result: yes
configure:6465: checking for unistd.h
configure:6465: result: yes
configure:6465: checking for X11/cursorfont.h
configure:6465: gcc -c -g -O2  conftest.c >&5
configure:6465: $? = 0
configure:6465: result: yes
configure:6465: checking for X11/extensions/shape.h
configure:6465: gcc -c -g -O2  conftest.c >&5
configure:6465: $? = 0
configure:6465: result: yes
configure:6465: checking for X11/Xlib.h
configure:6465: gcc -c -g -O2  conftest.c >&5
configure:6465: $? = 0
configure:6465: result: yes
configure:6465: checking for X11/xpm.h
configure:6465: gcc -c -g -O2  conftest.c >&5
conftest.c:58:10: fatal error: X11/xpm.h: No such file or directory
   58 | #include <X11/xpm.h>
      |          ^~~~~~~~~~~
compilation terminated.
configure:6465: $? = 1
configure: failed program was:
| /* confdefs.h */
| #define PACKAGE_NAME "NsCDE"
| #define PACKAGE_TARNAME "nscde"
| #define PACKAGE_VERSION "2.4"
| #define PACKAGE_STRING "NsCDE 2.4"
| #define PACKAGE_BUGREPORT "nscde@protonmail.com"
| #define PACKAGE_URL ""
| #define PACKAGE "nscde"
| #define VERSION "2.4"
| #define HAVE_STDIO_H 1
| #define HAVE_STDLIB_H 1
| #define HAVE_STRING_H 1
| #define HAVE_INTTYPES_H 1
| #define HAVE_STDINT_H 1
| #define HAVE_STRINGS_H 1
| #define HAVE_SYS_STAT_H 1
| #define HAVE_SYS_TYPES_H 1
| #define HAVE_UNISTD_H 1
| #define STDC_HEADERS 1
| #define HAVE_MATH_H 1
| #define HAVE_STDLIB_H 1
| #define HAVE_STRING_H 1
| #define HAVE_SYS_TIME_H 1
| #define HAVE_TIME_H 1
| #define HAVE_UNISTD_H 1
| #define HAVE_X11_CURSORFONT_H 1
| #define HAVE_X11_EXTENSIONS_SHAPE_H 1
| #define HAVE_X11_XLIB_H 1
| /* end confdefs.h.  */
| #include <stddef.h>
| #ifdef HAVE_STDIO_H
| # include <stdio.h>
| #endif
| #ifdef HAVE_STDLIB_H
| # include <stdlib.h>
| #endif
| #ifdef HAVE_STRING_H
| # include <string.h>
| #endif
| #ifdef HAVE_INTTYPES_H
| # include <inttypes.h>
| #endif
| #ifdef HAVE_STDINT_H
| # include <stdint.h>
| #endif
| #ifdef HAVE_STRINGS_H
| # include <strings.h>
| #endif
| #ifdef HAVE_SYS_TYPES_H
| # include <sys/types.h>
| #endif
| #ifdef HAVE_SYS_STAT_H
| # include <sys/stat.h>
| #endif
| #ifdef HAVE_UNISTD_H
| # include <unistd.h>
| #endif
| #include <X11/xpm.h>
configure:6465: result: no
configure:6473: error: Missing required header files.

## ---------------- ##
## Cache variables. ##
## ---------------- ##

ac_cv_build=x86_64-pc-linux-gnu
ac_cv_c_compiler_gnu=yes
ac_cv_env_CC_set=
ac_cv_env_CC_value=
ac_cv_env_CFLAGS_set=
ac_cv_env_CFLAGS_value=
ac_cv_env_CPPFLAGS_set=
ac_cv_env_CPPFLAGS_value=
ac_cv_env_LDFLAGS_set=
ac_cv_env_LDFLAGS_value=
ac_cv_env_LIBS_set=
ac_cv_env_LIBS_value=
ac_cv_env_build_alias_set=
ac_cv_env_build_alias_value=
ac_cv_env_host_alias_set=
ac_cv_env_host_alias_value=
ac_cv_env_target_alias_set=
ac_cv_env_target_alias_value=
ac_cv_header_X11_Xlib_h=yes
ac_cv_header_X11_cursorfont_h=yes
ac_cv_header_X11_extensions_shape_h=yes
ac_cv_header_X11_xpm_h=no
ac_cv_header_inttypes_h=yes
ac_cv_header_math_h=yes
ac_cv_header_stdint_h=yes
ac_cv_header_stdio_h=yes
ac_cv_header_stdlib_h=yes
ac_cv_header_string_h=yes
ac_cv_header_strings_h=yes
ac_cv_header_sys_stat_h=yes
ac_cv_header_sys_time_h=yes
ac_cv_header_sys_types_h=yes
ac_cv_header_time_h=yes
ac_cv_header_unistd_h=yes
ac_cv_host=x86_64-pc-linux-gnu
ac_cv_objext=o
ac_cv_path_PYTHON=/usr/bin/python3
ac_cv_path_install='/usr/bin/install -c'
ac_cv_path_mkdir=/usr/bin/mkdir
ac_cv_prog_AWK=gawk
ac_cv_prog_CONVERT=convert
ac_cv_prog_CPP=cpp
ac_cv_prog_GETTEXT=gettext
ac_cv_prog_IMPORT=import
ac_cv_prog_MSGFMT=msgfmt
ac_cv_prog_SED=sed
ac_cv_prog_XDPYINFO=xdpyinfo
ac_cv_prog_XPROP=xprop
ac_cv_prog_XRANDR=xrandr
ac_cv_prog_XRDB=xrdb
ac_cv_prog_XSET=xset
ac_cv_prog_XSETTINGSD=xsettingsd
ac_cv_prog_ac_ct_CC=gcc
ac_cv_prog_cc_c11=
ac_cv_prog_cc_g=yes
ac_cv_prog_cc_stdc=
ac_cv_prog_make_make_set=yes
am_cv_CC_dependencies_compiler_type=gcc3
am_cv_filesystem_timestamp_resolution=0.01
am_cv_make_support_nested_variables=yes
am_cv_prog_cc_c_o=yes
am_cv_prog_tar_ustar=gnutar
am_cv_sleep_fractional_seconds=yes
am_cv_xargs_n_works=yes

## ----------------- ##
## Output variables. ##
## ----------------- ##

ACLOCAL='${SHELL} '\''/home/zemi/MyDev/NsCDE-zh/ac-aux/missing'\'' aclocal-1.18'
AMDEPBACKSLASH='\'
AMDEP_FALSE='#'
AMDEP_TRUE=''
AMTAR='$${TAR-tar}'
AM_BACKSLASH='\'
AM_DEFAULT_V=''
AM_DEFAULT_VERBOSITY='1'
AM_V=''
AUTOCONF='${SHELL} '\''/home/zemi/MyDev/NsCDE-zh/ac-aux/missing'\'' autoconf'
AUTOHEADER='${SHELL} '\''/home/zemi/MyDev/NsCDE-zh/ac-aux/missing'\'' autoheader'
AUTOMAKE='${SHELL} '\''/home/zemi/MyDev/NsCDE-zh/ac-aux/missing'\'' automake-1.18'
AWK='gawk'
CC='gcc'
CCDEPMODE='depmode=gcc3'
CFLAGS='-g -O2'
CONVERT='convert'
CPP='cpp'
CPPFLAGS=''
CSCOPE='cscope'
CTAGS='ctags'
CYGPATH_W='echo'
DATA_ROOTDIR='/usr/local/share'
DEFS=''
DEPDIR='.deps'
DOCUMENTATION_ROOT='/usr/local/share/doc/nscde'
DUNST='no'
ECHONE='echo -ne'
ECHO_C=''
ECHO_N='-n'
ECHO_T=''
ETAGS='etags'
EXEEXT=''
FULL_BINDIR='/usr/local/bin'
FVWM='no'
FVWM_DATADIR='/usr/local/share/NsCDE/fvwm'
GETTEXT='gettext'
GMAKE=''
GSED=''
GTAIL=''
IMPORT='import'
INSTALL_DATA='${INSTALL} -m 644'
INSTALL_PROGRAM='${INSTALL}'
INSTALL_SCRIPT='${INSTALL}'
INSTALL_STRIP_PROGRAM='$(install_sh) -c -s'
KSH='no'
LDFLAGS=''
LIBOBJS=''
LIBS=''
LOCALES='hr zh'
LTLIBOBJS=''
MAKEINFO='${SHELL} '\''/home/zemi/MyDev/NsCDE-zh/ac-aux/missing'\'' makeinfo'
MATH_LIB=''
MKDIR_P='/usr/bin/mkdir -p'
MSGFMT='msgfmt'
NOSTDICONDIR='/NONEXISTENT'
NOSTDICONDIRREGEX='\/NONEXISTENT\/'
NOSTDICONPATH=''
NSCDE_DATADIR='/usr/local/share/NsCDE'
NSCDE_LIBDIR='/usr/local/lib/NsCDE'
NSCDE_TOOLSDIR='/usr/local/libexec/NsCDE'
OBJEXT='o'
OS_PLUS_MACHINE_ARCH=''
PACKAGE='nscde'
PACKAGE_BUGREPORT='nscde@protonmail.com'
PACKAGE_NAME='NsCDE'
PACKAGE_STRING='NsCDE 2.4'
PACKAGE_TARNAME='nscde'
PACKAGE_URL=''
PACKAGE_VERSION='2.4'
PATH_SEPARATOR=':'
PYTHON='/usr/bin/python3'
REQUIRED_PYTHON_VERSION='3.0'
ROFI='no'
SED='sed'
SET_MAKE=''
SHELL='/bin/sh'
STALONETRAY='no'
STARTNSCDE='/usr/local/bin/nscde'
STRIP=''
SYS_CONFDIR='/usr/local/etc'
VERSION='2.4'
XCLIP='no'
XDG_CONFIG_PATH_BOOL='1'
XDG_CONF_DIRS='/usr/local/etc/xdg:/etc/xdg'
XDG_DATA_PATH_BOOL='1'
XDG_DATA_ROOTDIRS='/usr/local/share/:/usr/share/'
XDOTOOL='no'
XDPYINFO='xdpyinfo'
XEXT_LIB=''
XPM_LIB=''
XPROP='xprop'
XRANDR='xrandr'
XRDB='xrdb'
XSCSVR='no'
XSESSDIR=''
XSET='xset'
XSETTINGSD='xsettingsd'
XTERM='no'
X_LIB=''
ac_ct_CC='gcc'
am__EXEEXT_FALSE=''
am__EXEEXT_TRUE=''
am__fastdepCC_FALSE='#'
am__fastdepCC_TRUE=''
am__include='include'
am__isrc=''
am__leading_dot='.'
am__nodep='_no'
am__quote=''
am__rm_f_notfound=''
am__tar='tar --format=ustar -chf - "$$tardir"'
am__untar='tar -xf -'
am__xargs_n='xargs -n'
bindir='${exec_prefix}/bin'
build='x86_64-pc-linux-gnu'
build_alias=''
build_cpu='x86_64'
build_os='linux-gnu'
build_vendor='pc'
datadir='${datarootdir}'
datarootdir='${prefix}/share'
docdir='${datarootdir}/doc/${PACKAGE_TARNAME}'
dvidir='${docdir}'
exec_prefix='NONE'
host='x86_64-pc-linux-gnu'
host_alias=''
host_cpu='x86_64'
host_os='linux-gnu'
host_vendor='pc'
htmldir='${docdir}'
includedir='${prefix}/include'
infodir='${datarootdir}/info'
install_sh='${SHELL} /home/zemi/MyDev/NsCDE-zh/ac-aux/install-sh'
libdir='${exec_prefix}/lib'
libexecdir='${exec_prefix}/libexec'
localedir='${datarootdir}/locale'
localstatedir='${prefix}/var'
mandir='${datarootdir}/man'
mkdir_p='$(MKDIR_P)'
oldincludedir='/usr/include'
pdfdir='${docdir}'
prefix='NONE'
program_transform_name='s,x,x,'
psdir='${docdir}'
runstatedir='${localstatedir}/run'
sbindir='${exec_prefix}/sbin'
sharedstatedir='${prefix}/com'
sysconfdir='${prefix}/etc'
target_alias=''
xsessiondir=''

## ----------- ##
## confdefs.h. ##
## ----------- ##

/* confdefs.h */
#define PACKAGE_NAME "NsCDE"
#define PACKAGE_TARNAME "nscde"
#define PACKAGE_VERSION "2.4"
#define PACKAGE_STRING "NsCDE 2.4"
#define PACKAGE_BUGREPORT "nscde@protonmail.com"
#define PACKAGE_URL ""
#define PACKAGE "nscde"
#define VERSION "2.4"
#define HAVE_STDIO_H 1
#define HAVE_STDLIB_H 1
#define HAVE_STRING_H 1
#define HAVE_INTTYPES_H 1
#define HAVE_STDINT_H 1
#define HAVE_STRINGS_H 1
#define HAVE_SYS_STAT_H 1
#define HAVE_SYS_TYPES_H 1
#define HAVE_UNISTD_H 1
#define STDC_HEADERS 1
#define HAVE_MATH_H 1
#define HAVE_STDLIB_H 1
#define HAVE_STRING_H 1
#define HAVE_SYS_TIME_H 1
#define HAVE_TIME_H 1
#define HAVE_UNISTD_H 1
#define HAVE_X11_CURSORFONT_H 1
#define HAVE_X11_EXTENSIONS_SHAPE_H 1
#define HAVE_X11_XLIB_H 1

configure: exit 1
